Performing C SOURCE FILE Test CMAKE_HAVE_LIBC_PTHREAD failed with the following output:
Change Dir: /home/xie/rc_ws/build_isolated/ladar_pkg/CMakeFiles/CMakeTmp

Run Build Command(s):/usr/bin/make cmTC_549bd/fast && /usr/bin/make -f CMakeFiles/cmTC_549bd.dir/build.make CMakeFiles/cmTC_549bd.dir/build
make[1]: 进入目录“/home/xie/rc_ws/build_isolated/ladar_pkg/CMakeFiles/CMakeTmp”
Building C object CMakeFiles/cmTC_549bd.dir/src.c.o
/usr/bin/cc   -DCMAKE_HAVE_LIBC_PTHREAD   -o CMakeFiles/cmTC_549bd.dir/src.c.o   -c /home/xie/rc_ws/build_isolated/ladar_pkg/CMakeFiles/CMakeTmp/src.c
Linking C executable cmTC_549bd
/usr/bin/cmake -E cmake_link_script CMakeFiles/cmTC_549bd.dir/link.txt --verbose=1
/usr/bin/cc  -DCMAKE_HAVE_LIBC_PTHREAD    -rdynamic CMakeFiles/cmTC_549bd.dir/src.c.o  -o cmTC_549bd 
/usr/bin/ld: CMakeFiles/cmTC_549bd.dir/src.c.o: in function `main':
src.c:(.text+0x3e): undefined reference to `pthread_create'
/usr/bin/ld: src.c:(.text+0x4a): undefined reference to `pthread_detach'
/usr/bin/ld: src.c:(.text+0x5b): undefined reference to `pthread_join'
collect2: error: ld returned 1 exit status
make[1]: *** [CMakeFiles/cmTC_549bd.dir/build.make:87：cmTC_549bd] 错误 1
make[1]: 离开目录“/home/xie/rc_ws/build_isolated/ladar_pkg/CMakeFiles/CMakeTmp”
make: *** [Makefile:121：cmTC_549bd/fast] 错误 2


Source file was:
#include <pthread.h>

void* test_func(void* data)
{
  return data;
}

int main(void)
{
  pthread_t thread;
  pthread_create(&thread, NULL, test_func, NULL);
  pthread_detach(thread);
  pthread_join(thread, NULL);
  pthread_atfork(NULL, NULL, NULL);
  pthread_exit(NULL);

  return 0;
}

Determining if the function pthread_create exists in the pthreads failed with the following output:
Change Dir: /home/xie/rc_ws/build_isolated/ladar_pkg/CMakeFiles/CMakeTmp

Run Build Command(s):/usr/bin/make cmTC_b3e21/fast && /usr/bin/make -f CMakeFiles/cmTC_b3e21.dir/build.make CMakeFiles/cmTC_b3e21.dir/build
make[1]: 进入目录“/home/xie/rc_ws/build_isolated/ladar_pkg/CMakeFiles/CMakeTmp”
Building C object CMakeFiles/cmTC_b3e21.dir/CheckFunctionExists.c.o
/usr/bin/cc   -DCHECK_FUNCTION_EXISTS=pthread_create   -o CMakeFiles/cmTC_b3e21.dir/CheckFunctionExists.c.o   -c /usr/share/cmake-3.16/Modules/CheckFunctionExists.c
Linking C executable cmTC_b3e21
/usr/bin/cmake -E cmake_link_script CMakeFiles/cmTC_b3e21.dir/link.txt --verbose=1
/usr/bin/cc  -DCHECK_FUNCTION_EXISTS=pthread_create    -rdynamic CMakeFiles/cmTC_b3e21.dir/CheckFunctionExists.c.o  -o cmTC_b3e21  -lpthreads 
/usr/bin/ld: 找不到 -lpthreads
collect2: error: ld returned 1 exit status
make[1]: *** [CMakeFiles/cmTC_b3e21.dir/build.make:87：cmTC_b3e21] 错误 1
make[1]: 离开目录“/home/xie/rc_ws/build_isolated/ladar_pkg/CMakeFiles/CMakeTmp”
make: *** [Makefile:121：cmTC_b3e21/fast] 错误 2



Performing C SOURCE FILE Test CMAKE_HAVE_LIBC_PTHREAD failed with the following output:
Change Dir: /home/xie/rc_ws/build_isolated/ladar_pkg/CMakeFiles/CMakeTmp

Run Build Command(s):/usr/bin/make cmTC_6e009/fast && /usr/bin/make -f CMakeFiles/cmTC_6e009.dir/build.make CMakeFiles/cmTC_6e009.dir/build
make[1]: 进入目录“/home/xie/rc_ws/build_isolated/ladar_pkg/CMakeFiles/CMakeTmp”
Building C object CMakeFiles/cmTC_6e009.dir/src.c.o
/usr/bin/cc   -DCMAKE_HAVE_LIBC_PTHREAD   -o CMakeFiles/cmTC_6e009.dir/src.c.o   -c /home/xie/rc_ws/build_isolated/ladar_pkg/CMakeFiles/CMakeTmp/src.c
Linking C executable cmTC_6e009
/usr/bin/cmake -E cmake_link_script CMakeFiles/cmTC_6e009.dir/link.txt --verbose=1
/usr/bin/cc  -DCMAKE_HAVE_LIBC_PTHREAD    -rdynamic CMakeFiles/cmTC_6e009.dir/src.c.o  -o cmTC_6e009 
/usr/bin/ld: CMakeFiles/cmTC_6e009.dir/src.c.o: in function `main':
src.c:(.text+0x3e): undefined reference to `pthread_create'
/usr/bin/ld: src.c:(.text+0x4a): undefined reference to `pthread_detach'
/usr/bin/ld: src.c:(.text+0x5b): undefined reference to `pthread_join'
collect2: error: ld returned 1 exit status
make[1]: *** [CMakeFiles/cmTC_6e009.dir/build.make:87：cmTC_6e009] 错误 1
make[1]: 离开目录“/home/xie/rc_ws/build_isolated/ladar_pkg/CMakeFiles/CMakeTmp”
make: *** [Makefile:121：cmTC_6e009/fast] 错误 2


Source file was:
#include <pthread.h>

void* test_func(void* data)
{
  return data;
}

int main(void)
{
  pthread_t thread;
  pthread_create(&thread, NULL, test_func, NULL);
  pthread_detach(thread);
  pthread_join(thread, NULL);
  pthread_atfork(NULL, NULL, NULL);
  pthread_exit(NULL);

  return 0;
}

Determining if the function pthread_create exists in the pthreads failed with the following output:
Change Dir: /home/xie/rc_ws/build_isolated/ladar_pkg/CMakeFiles/CMakeTmp

Run Build Command(s):/usr/bin/make cmTC_c79f3/fast && /usr/bin/make -f CMakeFiles/cmTC_c79f3.dir/build.make CMakeFiles/cmTC_c79f3.dir/build
make[1]: 进入目录“/home/xie/rc_ws/build_isolated/ladar_pkg/CMakeFiles/CMakeTmp”
Building C object CMakeFiles/cmTC_c79f3.dir/CheckFunctionExists.c.o
/usr/bin/cc   -DCHECK_FUNCTION_EXISTS=pthread_create   -o CMakeFiles/cmTC_c79f3.dir/CheckFunctionExists.c.o   -c /usr/share/cmake-3.16/Modules/CheckFunctionExists.c
Linking C executable cmTC_c79f3
/usr/bin/cmake -E cmake_link_script CMakeFiles/cmTC_c79f3.dir/link.txt --verbose=1
/usr/bin/cc  -DCHECK_FUNCTION_EXISTS=pthread_create    -rdynamic CMakeFiles/cmTC_c79f3.dir/CheckFunctionExists.c.o  -o cmTC_c79f3  -lpthreads 
/usr/bin/ld: 找不到 -lpthreads
collect2: error: ld returned 1 exit status
make[1]: *** [CMakeFiles/cmTC_c79f3.dir/build.make:87：cmTC_c79f3] 错误 1
make[1]: 离开目录“/home/xie/rc_ws/build_isolated/ladar_pkg/CMakeFiles/CMakeTmp”
make: *** [Makefile:121：cmTC_c79f3/fast] 错误 2



